ShimmerGestureRecog/build/outputs/logs/manifest-merger-debug-report.txt
-- Merging decision tree log ---
manifest
ADDED from Shimmer_Java_Android_API_v2.10/ShimmerGestureRecog/AndroidManifest.xml:1:1-34:12
	xmlns:android
		ADDED from Shimmer_Java_Android_API_v2.10/ShimmerGestureRecog/AndroidManifest.xml:1:11-69
	package
		ADDED from Shimmer_Java_Android_API_v2.10/ShimmerGestureRecog/AndroidManifest.xml:2:5-54
	android:versionName
		ADDED from Shimmer_Java_Android_API_v2.10/ShimmerGestureRecog/AndroidManifest.xml:4:5-30
	android:versionCode
		ADDED from Shimmer_Java_Android_API_v2.10/ShimmerGestureRecog/AndroidManifest.xml:3:5-28
		INJECTED from Shimmer_Java_Android_API_v2.10/ShimmerGestureRecog/AndroidManifest.xml
		INJECTED from Shimmer_Java_Android_API_v2.10/ShimmerGestureRecog/AndroidManifest.xml
uses-sdk
ADDED from Shimmer_Java_Android_API_v2.10/ShimmerGestureRecog/AndroidManifest.xml:6:5-8:11
MERGED from [Shimmer_Java_Android_API_v2.10:ShimmerAndroidInstrumentDriver:unspecified] AndroidManifest.xml:7:5-9:41
	android:targetSdkVersion
		ADDED from [Shimmer_Java_Android_API_v2.10:ShimmerAndroidInstrumentDriver:unspecified] AndroidManifest.xml:9:9-38
	android:minSdkVersion
		ADDED from Shimmer_Java_Android_API_v2.10/ShimmerGestureRecog/AndroidManifest.xml:7:9-35
uses-permission#android.permission.BLUETOOTH_ADMIN
ADDED from Shimmer_Java_Android_API_v2.10/ShimmerGestureRecog/AndroidManifest.xml:9:9-94
	android:name
		ADDED from Shimmer_Java_Android_API_v2.10/ShimmerGestureRecog/AndroidManifest.xml:9:26-75
uses-permission#android.permission.BLUETOOTH
ADDED from Shimmer_Java_Android_API_v2.10/ShimmerGestureRecog/AndroidManifest.xml:10:5-84
	android:name
		ADDED from Shimmer_Java_Android_API_v2.10/ShimmerGestureRecog/AndroidManifest.xml:10:22-65
application
ADDED from Shimmer_Java_Android_API_v2.10/ShimmerGestureRecog/AndroidManifest.xml:12:5-32:19
MERGED from [Shimmer_Java_Android_API_v2.10:ShimmerAndroidInstrumentDriver:unspecified] AndroidManifest.xml:11:5-15:19
	android:allowBackup
		ADDED from [Shimmer_Java_Android_API_v2.10:ShimmerAndroidInstrumentDriver:unspecified] AndroidManifest.xml:12:9-35
	android:label
		ADDED from Shimmer_Java_Android_API_v2.10/ShimmerGestureRecog/AndroidManifest.xml:14:9-41
	android:icon
		ADDED from Shimmer_Java_Android_API_v2.10/ShimmerGestureRecog/AndroidManifest.xml:13:9-46
	android:theme
		ADDED from Shimmer_Java_Android_API_v2.10/ShimmerGestureRecog/AndroidManifest.xml:15:9-40
activity#com.shimmerresearch.gesturerecogexample.ShimmerGestureRecogActivity
ADDED from Shimmer_Java_Android_API_v2.10/ShimmerGestureRecog/AndroidManifest.xml:16:9-25:20
	android:screenOrientation
		ADDED from Shimmer_Java_Android_API_v2.10/ShimmerGestureRecog/AndroidManifest.xml:17:13-49
	android:label
		ADDED from Shimmer_Java_Android_API_v2.10/ShimmerGestureRecog/AndroidManifest.xml:19:13-56
	android:name
		ADDED from Shimmer_Java_Android_API_v2.10/ShimmerGestureRecog/AndroidManifest.xml:18:13-95
intent-filter#android.intent.action.MAIN+android.intent.category.LAUNCHER
ADDED from Shimmer_Java_Android_API_v2.10/ShimmerGestureRecog/AndroidManifest.xml:20:13-24:29
action#android.intent.action.MAIN
ADDED from Shimmer_Java_Android_API_v2.10/ShimmerGestureRecog/AndroidManifest.xml:21:17-69
	android:name
		ADDED from Shimmer_Java_Android_API_v2.10/ShimmerGestureRecog/AndroidManifest.xml:21:25-66
category#android.intent.category.LAUNCHER
ADDED from Shimmer_Java_Android_API_v2.10/ShimmerGestureRecog/AndroidManifest.xml:23:17-77
	android:name
		ADDED from Shimmer_Java_Android_API_v2.10/ShimmerGestureRecog/AndroidManifest.xml:23:27-74
activity#com.shimmerresearch.gesturerecogexample.DeviceListActivity
ADDED from Shimmer_Java_Android_API_v2.10/ShimmerGestureRecog/AndroidManifest.xml:26:9-29:20
	android:label
		ADDED from Shimmer_Java_Android_API_v2.10/ShimmerGestureRecog/AndroidManifest.xml:27:19-56
	android:theme
		ADDED from Shimmer_Java_Android_API_v2.10/ShimmerGestureRecog/AndroidManifest.xml:28:19-62
	android:name
		ADDED from Shimmer_Java_Android_API_v2.10/ShimmerGestureRecog/AndroidManifest.xml:26:19-92
service#com.shimmerresearch.gesturerecogexample.MyService
ADDED from Shimmer_Java_Android_API_v2.10/ShimmerGestureRecog/AndroidManifest.xml:30:9-108
	android:enabled
		ADDED from Shimmer_Java_Android_API_v2.10/ShimmerGestureRecog/AndroidManifest.xml:30:18-40
	android:name
		ADDED from Shimmer_Java_Android_API_v2.10/ShimmerGestureRecog/AndroidManifest.xml:30:41-105